<?xml version="1.0" encoding="UTF-8"?>
<!-- Generated by org.testng.reporters.JUnitXMLReporter -->
<testsuite ignored="0" hostname="MacBook-Pro-de-Danna.local" failures="0" tests="4" name="Default test" time="27.302" errors="0" timestamp="2025-01-31T01:35:46 COT">
  <testcase classname="mobile_testing.LoginTest" name="testLogin" time="1.984"/>
  <testcase classname="mobile_testing.LoginTest" name="testLoginCamposVacios" time="2.373"/>
  <testcase classname="mobile_testing.LoginTest" name="testLoginContrasenaIncorrecta" time="6.963"/>
  <testcase classname="mobile_testing.LoginTest" name="testLoginEmailIncorrecto" time="4.233"/>
</testsuite> <!-- Default test -->
