<?xml version="1.0" encoding="UTF-8"?>
<testng-results ignored="0" total="4" passed="4" failed="0" skipped="0">
  <reporter-output>
  </reporter-output>
  <suite started-at="2025-01-31T01:35:18 COT" name="Default suite" finished-at="2025-01-31T01:35:46 COT" duration-ms="27302">
    <groups>
    </groups>
    <test started-at="2025-01-31T01:35:18 COT" name="Default test" finished-at="2025-01-31T01:35:46 COT" duration-ms="27302">
      <class name="mobile_testing.LoginTest">
        <test-method is-config="true" signature="setup()[pri:0, instance:mobile_testing.LoginTest@4ad52ef8]" started-at="2025-01-31T01:35:18 COT" name="setup" finished-at="2025-01-31T01:35:27 COT" duration-ms="8265" status="PASS">
          <reporter-output>
          </reporter-output>
        </test-method> <!-- setup -->
        <test-method is-config="true" signature="setUpTest()[pri:0, instance:mobile_testing.LoginTest@4ad52ef8]" started-at="2025-01-31T01:35:27 COT" name="setUpTest" finished-at="2025-01-31T01:35:27 COT" duration-ms="503" status="PASS">
          <reporter-output>
          </reporter-output>
        </test-method> <!-- setUpTest -->
        <test-method signature="testLogin()[pri:0, instance:mobile_testing.LoginTest@4ad52ef8]" started-at="2025-01-31T01:35:27 COT" name="testLogin" finished-at="2025-01-31T01:35:29 COT" duration-ms="1984" status="PASS">
          <reporter-output>
          </reporter-output>
        </test-method> <!-- testLogin -->
        <test-method is-config="true" signature="tearDownTest(org.testng.ITestResult)[pri:0, instance:mobile_testing.LoginTest@4ad52ef8]" started-at="2025-01-31T01:35:29 COT" name="tearDownTest" finished-at="2025-01-31T01:35:30 COT" duration-ms="707" status="PASS">
          <params>
            <param index="0">
              <value>
                <![CDATA[[TestResult name=testLogin status=SUCCESS method=LoginTest.testLogin()[pri:0, instance:mobile_testing.LoginTest@4ad52ef8] output={null}]]]>
              </value>
            </param>
          </params>
          <reporter-output>
          </reporter-output>
        </test-method> <!-- tearDownTest -->
        <test-method is-config="true" signature="setUpTest()[pri:0, instance:mobile_testing.LoginTest@4ad52ef8]" started-at="2025-01-31T01:35:30 COT" name="setUpTest" finished-at="2025-01-31T01:35:30 COT" duration-ms="325" status="PASS">
          <reporter-output>
          </reporter-output>
        </test-method> <!-- setUpTest -->
        <test-method signature="testLoginCamposVacios()[pri:0, instance:mobile_testing.LoginTest@4ad52ef8]" started-at="2025-01-31T01:35:30 COT" name="testLoginCamposVacios" finished-at="2025-01-31T01:35:33 COT" duration-ms="2373" status="PASS">
          <reporter-output>
          </reporter-output>
        </test-method> <!-- testLoginCamposVacios -->
        <test-method is-config="true" signature="tearDownTest(org.testng.ITestResult)[pri:0, instance:mobile_testing.LoginTest@4ad52ef8]" started-at="2025-01-31T01:35:33 COT" name="tearDownTest" finished-at="2025-01-31T01:35:33 COT" duration-ms="393" status="PASS">
          <params>
            <param index="0">
              <value>
                <![CDATA[[TestResult name=testLoginCamposVacios status=SUCCESS method=LoginTest.testLoginCamposVacios()[pri:0, instance:mobile_testing.LoginTest@4ad52ef8] output={null}]]]>
              </value>
            </param>
          </params>
          <reporter-output>
          </reporter-output>
        </test-method> <!-- tearDownTest -->
        <test-method is-config="true" signature="setUpTest()[pri:0, instance:mobile_testing.LoginTest@4ad52ef8]" started-at="2025-01-31T01:35:33 COT" name="setUpTest" finished-at="2025-01-31T01:35:33 COT" duration-ms="158" status="PASS">
          <reporter-output>
          </reporter-output>
        </test-method> <!-- setUpTest -->
        <test-method signature="testLoginContrasenaIncorrecta()[pri:0, instance:mobile_testing.LoginTest@4ad52ef8]" started-at="2025-01-31T01:35:33 COT" name="testLoginContrasenaIncorrecta" finished-at="2025-01-31T01:35:40 COT" duration-ms="6963" status="PASS">
          <reporter-output>
          </reporter-output>
        </test-method> <!-- testLoginContrasenaIncorrecta -->
        <test-method is-config="true" signature="tearDownTest(org.testng.ITestResult)[pri:0, instance:mobile_testing.LoginTest@4ad52ef8]" started-at="2025-01-31T01:35:40 COT" name="tearDownTest" finished-at="2025-01-31T01:35:40 COT" duration-ms="372" status="PASS">
          <params>
            <param index="0">
              <value>
                <![CDATA[[TestResult name=testLoginContrasenaIncorrecta status=SUCCESS method=LoginTest.testLoginContrasenaIncorrecta()[pri:0, instance:mobile_testing.LoginTest@4ad52ef8] output={null}]]]>
              </value>
            </param>
          </params>
          <reporter-output>
          </reporter-output>
        </test-method> <!-- tearDownTest -->
        <test-method is-config="true" signature="setUpTest()[pri:0, instance:mobile_testing.LoginTest@4ad52ef8]" started-at="2025-01-31T01:35:40 COT" name="setUpTest" finished-at="2025-01-31T01:35:41 COT" duration-ms="134" status="PASS">
          <reporter-output>
          </reporter-output>
        </test-method> <!-- setUpTest -->
        <test-method signature="testLoginEmailIncorrecto()[pri:0, instance:mobile_testing.LoginTest@4ad52ef8]" started-at="2025-01-31T01:35:41 COT" name="testLoginEmailIncorrecto" finished-at="2025-01-31T01:35:45 COT" duration-ms="4233" status="PASS">
          <reporter-output>
          </reporter-output>
        </test-method> <!-- testLoginEmailIncorrecto -->
        <test-method is-config="true" signature="tearDownTest(org.testng.ITestResult)[pri:0, instance:mobile_testing.LoginTest@4ad52ef8]" started-at="2025-01-31T01:35:45 COT" name="tearDownTest" finished-at="2025-01-31T01:35:45 COT" duration-ms="372" status="PASS">
          <params>
            <param index="0">
              <value>
                <![CDATA[[TestResult name=testLoginEmailIncorrecto status=SUCCESS method=LoginTest.testLoginEmailIncorrecto()[pri:0, instance:mobile_testing.LoginTest@4ad52ef8] output={null}]]]>
              </value>
            </param>
          </params>
          <reporter-output>
          </reporter-output>
        </test-method> <!-- tearDownTest -->
        <test-method is-config="true" signature="teardown()[pri:0, instance:mobile_testing.LoginTest@4ad52ef8]" started-at="2025-01-31T01:35:45 COT" name="teardown" finished-at="2025-01-31T01:35:46 COT" duration-ms="447" status="PASS">
          <reporter-output>
          </reporter-output>
        </test-method> <!-- teardown -->
      </class> <!-- mobile_testing.LoginTest -->
    </test> <!-- Default test -->
  </suite> <!-- Default suite -->
</testng-results>
